<?xml version="1.0" encoding="UTF-8"?>
<!-- Generated by org.testng.reporters.JUnitXMLReporter -->
<testsuite hostname="user-PC" ignored="0" name="iONBot Framework Testcase" tests="2" failures="0" timestamp="03 Feb 2019 20:17:59 GMT" time="9.104" errors="0">
  <testcase name="@AfterMethod tearDown1" time="0.429" classname="com.tcsion.ionbot.base.TestBase">
    <failure type="java.lang.NullPointerException">
      <![CDATA[java.lang.NullPointerException
	at com.tcsion.ionbot.base.TestBase.tearDown1(TestBase.java:111)
... Removed 27 stack frames]]>
    </failure>
  </testcase> <!-- @AfterMethod tearDown1 -->
  <testcase name="@BeforeMethod setUp" time="0.0" classname="com.tcsion.ionbot.base.TestBase">
    <skipped/>
  </testcase> <!-- @BeforeMethod setUp -->
  <testcase name="homeTitle" time="0.015" classname="com.tcsion.ionbot.tests.LoginPageTest"/>
  <testcase name="loginTest" time="0.0" classname="com.tcsion.ionbot.tests.LoginPageTest">
    <skipped/>
  </testcase> <!-- loginTest -->
</testsuite> <!-- iONBot Framework Testcase -->
